<?xml version="1.0" encoding="UTF-8"?>
<!-- Generated by org.testng.reporters.JUnitReportReporter -->
<testsuite skipped="0" hostname="SAHIL-PC" name="com.apitest.testcases.PostrestassuredTest" tests="3" failures="0" timestamp="06 Nov 2019 18:45:08 GMT" time="92.997" errors="0">
  <testcase name="postrest" time="30.184" classname="com.apitest.testcases.PostrestassuredTest"/>
  <testcase name="postrest" time="32.624" classname="com.apitest.testcases.PostrestassuredTest"/>
  <testcase name="postrest" time="30.189" classname="com.apitest.testcases.PostrestassuredTest"/>
</testsuite> <!-- com.apitest.testcases.PostrestassuredTest -->
