<?xml version="1.0" encoding="UTF-8"?>
<!-- Generated by org.testng.reporters.JUnitReportReporter -->
<testsuite skipped="0" hostname="SAHIL-PC" name="com.apitest.testcases.PostRestassured" tests="3" failures="0" timestamp="05 Nov 2019 19:59:09 GMT" time="7.780" errors="0">
  <testcase name="postrest" time="0.743" classname="com.apitest.testcases.PostRestassured"/>
  <testcase name="postrest" time="6.272" classname="com.apitest.testcases.PostRestassured"/>
  <testcase name="postrest" time="0.765" classname="com.apitest.testcases.PostRestassured"/>
</testsuite> <!-- com.apitest.testcases.PostRestassured -->
