<?xml version="1.0" encoding="UTF-8"?>
<!-- Generated by org.testng.reporters.JUnitXMLReporter -->
<testsuite hostname="SAHIL-PC" ignored="0" name="RestTest" tests="4" failures="0" timestamp="06 Nov 2019 18:45:08 GMT" time="97.956" errors="0">
  <testcase name="postrest" time="32.624" classname="com.apitest.testcases.PostrestassuredTest"/>
  <testcase name="postrest" time="30.184" classname="com.apitest.testcases.PostrestassuredTest"/>
  <testcase name="postrest" time="30.189" classname="com.apitest.testcases.PostrestassuredTest"/>
  <testcase name="postrest" time="3.797" classname="com.apitest.testcases.RestapideleteTest"/>
</testsuite> <!-- RestTest -->
